<?xml version="1.0" encoding="UTF-8"?>
<testng-results skipped="0" failed="0" total="1" passed="1">
  <reporter-output>
  </reporter-output>
  <suite name="Default suite" duration-ms="14614" started-at="2018-06-05T06:37:32Z" finished-at="2018-06-05T06:37:47Z">
    <groups>
    </groups>
    <test name="Default test" duration-ms="14614" started-at="2018-06-05T06:37:32Z" finished-at="2018-06-05T06:37:47Z">
      <class name="com.myntra.test.hybridframework.testcases.TestAmazonMainWebpage">
        <test-method status="PASS" signature="testSignIn()[pri:0, instance:com.myntra.test.hybridframework.testcases.TestAmazonMainWebpage@548a9f61]" name="testSignIn" duration-ms="14568" started-at="2018-06-05T12:07:32Z" finished-at="2018-06-05T12:07:47Z">
          <reporter-output>
          </reporter-output>
        </test-method> <!-- testSignIn -->
      </class> <!-- com.myntra.test.hybridframework.testcases.TestAmazonMainWebpage -->
    </test> <!-- Default test -->
  </suite> <!-- Default suite -->
</testng-results>
