<?xml version="1.0" encoding="UTF-8"?>
<testng-results skipped="0" failed="0" total="1" passed="1">
  <reporter-output>
  </reporter-output>
  <suite name="Suite" duration-ms="35921" started-at="2018-06-05T08:08:38Z" finished-at="2018-06-05T08:09:14Z">
    <groups>
    </groups>
    <test name="Test" duration-ms="35921" started-at="2018-06-05T08:08:38Z" finished-at="2018-06-05T08:09:14Z">
      <class name="com.myntra.test.hybridframework.testcases.TestAmazonMainWebpage">
        <test-method status="PASS" signature="testSignIn()[pri:0, instance:com.myntra.test.hybridframework.testcases.TestAmazonMainWebpage@56cbfb61]" name="testSignIn" duration-ms="35906" started-at="2018-06-05T13:38:38Z" finished-at="2018-06-05T13:39:14Z">
          <reporter-output>
          </reporter-output>
        </test-method> <!-- testSignIn -->
      </class> <!-- com.myntra.test.hybridframework.testcases.TestAmazonMainWebpage -->
    </test> <!-- Test -->
  </suite> <!-- Suite -->
</testng-results>
